c:\users\michael\googledrive\swinburne\cos30031\spike 9\spike9\spike5\debug\vc140.pdb
c:\users\michael\googledrive\swinburne\cos30031\spike 9\spike9\spike5\debug\vc140.idb
c:\users\michael\googledrive\swinburne\cos30031\spike 9\spike9\spike5\debug\gameplayvoidworld.obj
c:\users\michael\googledrive\swinburne\cos30031\spike 9\spike9\spike5\debug\gameworld.obj
c:\users\michael\googledrive\swinburne\cos30031\spike 9\spike9\spike5\debug\gocommand.obj
c:\users\michael\googledrive\swinburne\cos30031\spike 9\spike9\spike5\debug\graph.obj
c:\users\michael\googledrive\swinburne\cos30031\spike 9\spike9\spike5\debug\halloffame.obj
c:\users\michael\googledrive\swinburne\cos30031\spike 9\spike9\spike5\debug\help.obj
c:\users\michael\googledrive\swinburne\cos30031\spike 9\spike9\spike5\debug\inventorycommand.obj
c:\users\michael\googledrive\swinburne\cos30031\spike 9\spike9\spike5\debug\location.obj
c:\users\michael\googledrive\swinburne\cos30031\spike 9\spike9\spike5\debug\lookcommand.obj
c:\users\michael\googledrive\swinburne\cos30031\spike 9\spike9\spike5\debug\mainmenu.obj
c:\users\michael\googledrive\swinburne\cos30031\spike 9\spike9\spike5\debug\newhighscore.obj
c:\users\michael\googledrive\swinburne\cos30031\spike 9\spike9\spike5\debug\opencommand.obj
c:\users\michael\googledrive\swinburne\cos30031\spike 9\spike9\spike5\debug\player.obj
c:\users\michael\googledrive\swinburne\cos30031\spike 9\spike9\spike5\debug\putcommand.obj
c:\users\michael\googledrive\swinburne\cos30031\spike 9\spike9\spike5\debug\quit.obj
c:\users\michael\googledrive\swinburne\cos30031\spike 9\spike9\spike5\debug\selectadventure.obj
c:\users\michael\googledrive\swinburne\cos30031\spike 9\spike9\spike5\debug\source.obj
c:\users\michael\googledrive\swinburne\cos30031\spike 9\spike9\spike5\debug\statemanager.obj
c:\users\michael\googledrive\swinburne\cos30031\spike 9\spike9\spike5\debug\takecommand.obj
c:\users\michael\googledrive\swinburne\cos30031\spike 9\spike9\spike5\debug\worldprocessor.obj
c:\users\michael\googledrive\swinburne\cos30031\spike 9\spike9\spike5\debug\about.obj
c:\users\michael\googledrive\swinburne\cos30031\spike 9\spike9\spike5\debug\attackcommand.obj
c:\users\michael\googledrive\swinburne\cos30031\spike 9\spike9\spike5\debug\closecommand.obj
c:\users\michael\googledrive\swinburne\cos30031\spike 9\spike9\spike5\debug\commandprocessor.obj
c:\users\michael\googledrive\swinburne\cos30031\spike 9\spike9\spike5\debug\compositegameentity.obj
c:\users\michael\googledrive\swinburne\cos30031\spike 9\spike9\spike5\debug\dropcommand.obj
c:\users\michael\googledrive\swinburne\cos30031\spike 9\spike9\spike5\debug\gameentity.obj
c:\users\michael\googledrive\swinburne\cos30031\spike 9\spike9\debug\spike9.pdb
c:\users\michael\googledrive\swinburne\cos30031\spike 9\spike9\spike5\debug\spike9.tlog\cl.command.1.tlog
c:\users\michael\googledrive\swinburne\cos30031\spike 9\spike9\spike5\debug\spike9.tlog\cl.read.1.tlog
c:\users\michael\googledrive\swinburne\cos30031\spike 9\spike9\spike5\debug\spike9.tlog\cl.write.1.tlog
c:\users\michael\googledrive\swinburne\cos30031\spike 9\spike9\spike5\debug\spike9.tlog\link-cvtres.read.1.tlog
c:\users\michael\googledrive\swinburne\cos30031\spike 9\spike9\spike5\debug\spike9.tlog\link-cvtres.write.1.tlog
c:\users\michael\googledrive\swinburne\cos30031\spike 9\spike9\spike5\debug\spike9.tlog\link-rc.read.1.tlog
c:\users\michael\googledrive\swinburne\cos30031\spike 9\spike9\spike5\debug\spike9.tlog\link-rc.write.1.tlog
c:\users\michael\googledrive\swinburne\cos30031\spike 9\spike9\spike5\debug\spike9.tlog\link.8392-cvtres.read.1.tlog
c:\users\michael\googledrive\swinburne\cos30031\spike 9\spike9\spike5\debug\spike9.tlog\link.8392-cvtres.write.1.tlog
c:\users\michael\googledrive\swinburne\cos30031\spike 9\spike9\spike5\debug\spike9.tlog\link.8392-rc.read.1.tlog
c:\users\michael\googledrive\swinburne\cos30031\spike 9\spike9\spike5\debug\spike9.tlog\link.8392-rc.write.1.tlog
c:\users\michael\googledrive\swinburne\cos30031\spike 9\spike9\spike5\debug\spike9.tlog\link.8392.read.1.tlog
c:\users\michael\googledrive\swinburne\cos30031\spike 9\spike9\spike5\debug\spike9.tlog\link.8392.write.1.tlog
c:\users\michael\googledrive\swinburne\cos30031\spike 9\spike9\spike5\debug\spike9.tlog\link.command.1.tlog
c:\users\michael\googledrive\swinburne\cos30031\spike 9\spike9\spike5\debug\spike9.tlog\link.read.1.tlog
c:\users\michael\googledrive\swinburne\cos30031\spike 9\spike9\spike5\debug\spike9.tlog\link.write.1.tlog
